<?xml version="1.0" encoding="UTF-8"?>
<!-- Generated by org.testng.reporters.JUnitReportReporter -->
<testsuite hostname="DESKTOP-GP8CS6C" failures="0" tests="1" name="Day11_0516.GoogleSearch_TestNG_loop" time="18.346" errors="0" timestamp="2020-05-17T12:55:49 EDT" skipped="0">
  <testcase classname="Day11_0516.GoogleSearch_TestNG_loop" name="googleSearch" time="18.346"/>
  <system-out>
Entering a value on element Search Field Submitting a value on element Google Search Button Capturing a text from element Search Result my search number 764,000,000 Entering a value on element Search Field Submitting a value on element Google Search Button Capturing a text from element Search Result my search number 177,000,000  </system-out>
</testsuite> <!-- Day11_0516.GoogleSearch_TestNG_loop -->
